[0;32m=====================================[0m
[0;32m   SUNUCU SAĞLIK VE GÜVENLİK PANELİ  [0m
[0;32m=====================================[0m
[1;33m[1] Mevcut Çalışan Kullanıcı:[0m
Şu anki aktif yetki: root
-------------------------------------
[1;33m[2] Disk Alanı Durumu:[0m
Toplam Alan: 19G, Kullanılan: 5.4G, Boş: 14G (Kullanım: 29%)
-------------------------------------
[1;33m[3] Kritik Servislerin Durumu:[0m
SSH Servisi: [0;32mAKTİF (Çalışıyor)[0m
UFW Güvenlik Duvarı: [0;32mAKTİF (Güvenli)[0m
[0;32m=====================================[0m
[0;32m=====================================[0m
[0;32m   SUNUCU SAĞLIK VE GÜVENLİK PANELİ  [0m
[0;32m=====================================[0m
[1;33m[1] Mevcut Çalışan Kullanıcı:[0m
Şu anki aktif yetki: root
-------------------------------------
[1;33m[2] Disk Alanı Durumu:[0m
Toplam Alan: 19G, Kullanılan: 5.4G, Boş: 14G (Kullanım: 29%)
-------------------------------------
[1;33m[3] Kritik Servislerin Durumu:[0m
SSH Servisi: [0;32mAKTİF (Çalışıyor)[0m
UFW Güvenlik Duvarı: [0;32mAKTİF (Güvenli)[0m
[0;32m=====================================[0m
[0;32m=====================================[0m
[0;32m   SUNUCU SAĞLIK VE GÜVENLİK PANELİ  [0m
[0;32m=====================================[0m
[1;33m[1] Mevcut Çalışan Kullanıcı:[0m
Şu anki aktif yetki: root
-------------------------------------
[1;33m[2] Disk Alanı Durumu:[0m
Toplam Alan: 19G, Kullanılan: 5.4G, Boş: 14G (Kullanım: 29%)
-------------------------------------
[1;33m[3] Kritik Servislerin Durumu:[0m
SSH Servisi: [0;32mAKTİF (Çalışıyor)[0m
UFW Güvenlik Duvarı: [0;32mAKTİF (Güvenli)[0m
[0;32m=====================================[0m
